\BOOKMARK [1][-]{section*.2}{List of Figures}{}% 1
\BOOKMARK [1][-]{section*.3}{List of Tables}{}% 2
\BOOKMARK [1][-]{section.1}{Introduction}{}% 3
\BOOKMARK [2][-]{subsection.1.1}{Problem Formulation*}{section.1}% 4
\BOOKMARK [2][-]{subsection.1.2}{InterDisciplinary Project}{section.1}% 5
\BOOKMARK [2][-]{subsection.1.3}{Software Requirements}{section.1}% 6
\BOOKMARK [1][-]{section.2}{Modeling}{}% 7
\BOOKMARK [2][-]{subsection.2.1}{Traffic Assignment Problem}{section.2}% 8
\BOOKMARK [2][-]{subsection.2.2}{Discrete Network Design problem}{section.2}% 9
\BOOKMARK [2][-]{subsection.2.3}{Solution Technique: Meta Heuristics}{section.2}% 10
\BOOKMARK [1][-]{section.3}{Genetic Algorithm}{}% 11
\BOOKMARK [2][-]{subsection.3.1}{Understanding the algorithm}{section.3}% 12
\BOOKMARK [2][-]{subsection.3.2}{Encoding}{section.3}% 13
\BOOKMARK [2][-]{subsection.3.3}{Selection}{section.3}% 14
\BOOKMARK [3][-]{subsubsection.3.3.1}{Random Selection}{subsection.3.3}% 15
\BOOKMARK [3][-]{subsubsection.3.3.2}{Fitness Proportionate Selection}{subsection.3.3}% 16
\BOOKMARK [3][-]{subsubsection.3.3.3}{Rank Selection}{subsection.3.3}% 17
\BOOKMARK [3][-]{subsubsection.3.3.4}{Tournament Selection}{subsection.3.3}% 18
\BOOKMARK [2][-]{subsection.3.4}{Crossover}{section.3}% 19
\BOOKMARK [2][-]{subsection.3.5}{Mutation}{section.3}% 20
\BOOKMARK [1][-]{section.4}{Implementation}{}% 21
\BOOKMARK [2][-]{subsection.4.1}{Software Design}{section.4}% 22
\BOOKMARK [2][-]{subsection.4.2}{Implementation Details}{section.4}% 23
\BOOKMARK [1][-]{section.5}{Experiments and Visualization}{}% 24
\BOOKMARK [2][-]{subsection.5.1}{Setup}{section.5}% 25
\BOOKMARK [2][-]{subsection.5.2}{Datasets}{section.5}% 26
\BOOKMARK [2][-]{subsection.5.3}{Experiments and Results}{section.5}% 27
\BOOKMARK [2][-]{subsection.5.4}{Visualization}{section.5}% 28
\BOOKMARK [1][-]{section.6}{Conclusion}{}% 29
\BOOKMARK [2][-]{subsection.6.1}{Scope for future work}{section.6}% 30
\BOOKMARK [1][-]{section*.4}{References}{}% 31
